2026-05-01 18:43:36 | INFO     | trading_bot.client | Logger initialised — writing to: C:\Users\amanp\OneDrive\Desktop\trading_bot\logs\trading_bot_20260501.log
2026-05-01 18:43:36 | INFO     | trading_bot.orders | Logger initialised — writing to: C:\Users\amanp\OneDrive\Desktop\trading_bot\logs\trading_bot_20260501.log
2026-05-01 18:43:36 | INFO     | trading_bot.cli | Logger initialised — writing to: C:\Users\amanp\OneDrive\Desktop\trading_bot\logs\trading_bot_20260501.log
2026-05-01 18:43:57 | INFO     | trading_bot.client | Logger initialised — writing to: C:\Users\amanp\OneDrive\Desktop\trading_bot\logs\trading_bot_20260501.log
2026-05-01 18:43:57 | INFO     | trading_bot.orders | Logger initialised — writing to: C:\Users\amanp\OneDrive\Desktop\trading_bot\logs\trading_bot_20260501.log
2026-05-01 18:43:57 | INFO     | trading_bot.cli | Logger initialised — writing to: C:\Users\amanp\OneDrive\Desktop\trading_bot\logs\trading_bot_20260501.log
2026-05-01 18:45:10 | INFO     | trading_bot.client | Logger initialised — writing to: C:\Users\amanp\OneDrive\Desktop\trading_bot\logs\trading_bot_20260501.log
2026-05-01 18:45:10 | INFO     | trading_bot.orders | Logger initialised — writing to: C:\Users\amanp\OneDrive\Desktop\trading_bot\logs\trading_bot_20260501.log
2026-05-01 18:45:10 | INFO     | trading_bot.cli | Logger initialised — writing to: C:\Users\amanp\OneDrive\Desktop\trading_bot\logs\trading_bot_20260501.log
2026-05-01 18:57:11 | INFO     | trading_bot.client | Logger initialised — writing to: C:\Users\amanp\OneDrive\Desktop\trading_bot\logs\trading_bot_20260501.log
2026-05-01 18:57:11 | INFO     | trading_bot.orders | Logger initialised — writing to: C:\Users\amanp\OneDrive\Desktop\trading_bot\logs\trading_bot_20260501.log
2026-05-01 18:57:11 | INFO     | trading_bot.cli | Logger initialised — writing to: C:\Users\amanp\OneDrive\Desktop\trading_bot\logs\trading_bot_20260501.log
2026-05-01 18:58:38 | INFO     | trading_bot.client | Logger initialised — writing to: C:\Users\amanp\OneDrive\Desktop\trading_bot\logs\trading_bot_20260501.log
2026-05-01 18:58:38 | INFO     | trading_bot.orders | Logger initialised — writing to: C:\Users\amanp\OneDrive\Desktop\trading_bot\logs\trading_bot_20260501.log
2026-05-01 18:58:38 | INFO     | trading_bot.cli | Logger initialised — writing to: C:\Users\amanp\OneDrive\Desktop\trading_bot\logs\trading_bot_20260501.log
2026-05-01 18:58:49 | INFO     | trading_bot.client | Logger initialised — writing to: C:\Users\amanp\OneDrive\Desktop\trading_bot\logs\trading_bot_20260501.log
2026-05-01 18:58:49 | INFO     | trading_bot.orders | Logger initialised — writing to: C:\Users\amanp\OneDrive\Desktop\trading_bot\logs\trading_bot_20260501.log
2026-05-01 18:58:49 | INFO     | trading_bot.cli | Logger initialised — writing to: C:\Users\amanp\OneDrive\Desktop\trading_bot\logs\trading_bot_20260501.log
2026-05-01 18:59:27 | INFO     | trading_bot.client | Logger initialised — writing to: C:\Users\amanp\OneDrive\Desktop\trading_bot\logs\trading_bot_20260501.log
2026-05-01 18:59:27 | INFO     | trading_bot.orders | Logger initialised — writing to: C:\Users\amanp\OneDrive\Desktop\trading_bot\logs\trading_bot_20260501.log
2026-05-01 18:59:27 | INFO     | trading_bot.cli | Logger initialised — writing to: C:\Users\amanp\OneDrive\Desktop\trading_bot\logs\trading_bot_20260501.log
2026-05-01 19:02:19 | INFO     | trading_bot.client | Logger initialised — writing to: C:\Users\amanp\OneDrive\Desktop\trading_bot\logs\trading_bot_20260501.log
2026-05-01 19:02:19 | INFO     | trading_bot.orders | Logger initialised — writing to: C:\Users\amanp\OneDrive\Desktop\trading_bot\logs\trading_bot_20260501.log
2026-05-01 19:02:19 | INFO     | trading_bot.cli | Logger initialised — writing to: C:\Users\amanp\OneDrive\Desktop\trading_bot\logs\trading_bot_20260501.log
2026-05-01 19:02:20 | INFO     | trading_bot.client | Logger initialised — writing to: C:\Users\amanp\OneDrive\Desktop\trading_bot\logs\trading_bot_20260501.log
2026-05-01 19:02:20 | INFO     | trading_bot.orders | Logger initialised — writing to: C:\Users\amanp\OneDrive\Desktop\trading_bot\logs\trading_bot_20260501.log
2026-05-01 19:02:20 | INFO     | trading_bot.cli | Logger initialised — writing to: C:\Users\amanp\OneDrive\Desktop\trading_bot\logs\trading_bot_20260501.log
2026-05-01 19:03:27 | INFO     | trading_bot.client | Logger initialised — writing to: C:\Users\amanp\OneDrive\Desktop\trading_bot\logs\trading_bot_20260501.log
2026-05-01 19:03:27 | INFO     | trading_bot.orders | Logger initialised — writing to: C:\Users\amanp\OneDrive\Desktop\trading_bot\logs\trading_bot_20260501.log
2026-05-01 19:03:27 | INFO     | trading_bot.cli | Logger initialised — writing to: C:\Users\amanp\OneDrive\Desktop\trading_bot\logs\trading_bot_20260501.log
2026-05-01 19:03:27 | INFO     | trading_bot.cli | CLI input validated | symbol=BTCUSDT side=BUY type=MARKET qty=0.001 price=None stop_price=None
2026-05-01 19:04:55 | INFO     | trading_bot.client | Logger initialised — writing to: C:\Users\amanp\OneDrive\Desktop\trading_bot\logs\trading_bot_20260501.log
2026-05-01 19:04:55 | INFO     | trading_bot.orders | Logger initialised — writing to: C:\Users\amanp\OneDrive\Desktop\trading_bot\logs\trading_bot_20260501.log
2026-05-01 19:04:55 | INFO     | trading_bot.cli | Logger initialised — writing to: C:\Users\amanp\OneDrive\Desktop\trading_bot\logs\trading_bot_20260501.log
2026-05-01 19:04:55 | INFO     | trading_bot.cli | CLI input validated | symbol=BTCUSDT side=BUY type=MARKET qty=0.001 price=None stop_price=None
2026-05-01 19:08:20 | INFO     | trading_bot.client | Logger initialised — writing to: C:\Users\amanp\OneDrive\Desktop\trading_bot\logs\trading_bot_20260501.log
2026-05-01 19:08:20 | INFO     | trading_bot.orders | Logger initialised — writing to: C:\Users\amanp\OneDrive\Desktop\trading_bot\logs\trading_bot_20260501.log
2026-05-01 19:08:20 | INFO     | trading_bot.cli | Logger initialised — writing to: C:\Users\amanp\OneDrive\Desktop\trading_bot\logs\trading_bot_20260501.log
2026-05-01 19:08:20 | INFO     | trading_bot.cli | CLI input validated | symbol=BTCUSDT side=BUY type=MARKET qty=0.001 price=None stop_price=None
2026-05-01 19:08:20 | DEBUG    | trading_bot.client | BinanceClient initialised (testnet)
2026-05-01 19:08:20 | INFO     | trading_bot.orders | Initiating MARKET BUY order | Symbol=BTCUSDT | Qty=0.001 | Price=None | StopPrice=None
2026-05-01 19:08:20 | INFO     | trading_bot.client | Placing order → POST https://testnet.binancefuture.com/fapi/v1/order
2026-05-01 19:08:20 | INFO     | trading_bot.client | Order params: {'symbol': 'BTCUSDT', 'side': 'BUY', 'type': 'MARKET', 'quantity': 0.001, 'timestamp': 1777642700025}
2026-05-01 19:08:21 | DEBUG    | trading_bot.client | HTTP 401 ← https://testnet.binancefuture.com/fapi/v1/order
2026-05-01 19:08:21 | DEBUG    | trading_bot.client | Response body: {"code":-2014,"msg":"API-key format invalid."}
2026-05-01 19:08:21 | ERROR    | trading_bot.client | Unexpected request error: 401 Client Error: Unauthorized for url: https://testnet.binancefuture.com/fapi/v1/order
2026-05-01 19:08:21 | ERROR    | trading_bot.orders | Unexpected error during order placement: 401 Client Error: Unauthorized for url: https://testnet.binancefuture.com/fapi/v1/order
Traceback (most recent call last):
  File "C:\Users\amanp\OneDrive\Desktop\trading_bot\bot\orders.py", line 119, in place_order
    response = client.place_order(
        symbol=symbol,
    ...<4 lines>...
        stop_price=stop_price,
    )
  File "C:\Users\amanp\OneDrive\Desktop\trading_bot\bot\client.py", line 208, in place_order
    result = self._handle_response(resp)
  File "C:\Users\amanp\OneDrive\Desktop\trading_bot\bot\client.py", line 113, in _handle_response
    response.raise_for_status()
    ~~~~~~~~~~~~~~~~~~~~~~~~~^^
  File "C:\Users\amanp\AppData\Local\Programs\Python\Python313\Lib\site-packages\requests\models.py", line 1021, in raise_for_status
    raise HTTPError(http_error_msg, response=self)
requests.exceptions.HTTPError: 401 Client Error: Unauthorized for url: https://testnet.binancefuture.com/fapi/v1/order
